2019-01-15 09:19:34.663 [main] INFO  org.wlgzs.website.OrgApplication - Starting OrgApplication on ZhangXuBin with PID 11464 (F:\githubproject\sso\target\classes started by wangshu in F:\githubproject\sso)
2019-01-15 09:19:34.748 [main] INFO  org.wlgzs.website.OrgApplication - The following profiles are active: dev
2019-01-15 09:19:34.960 [main] INFO  o.s.b.w.s.c.AnnotationConfigServletWebServerApplicationContext - Refreshing org.springframework.boot.web.servlet.context.AnnotationConfigServletWebServerApplicationContext@23d1e5d0: startup date [Tue Jan 15 09:19:34 CST 2019]; root of context hierarchy
2019-01-15 09:19:37.524 [main] INFO  o.s.boot.web.embedded.tomcat.TomcatWebServer - Tomcat initialized with port(s): 8088 (http)
2019-01-15 09:19:37.570 [main] INFO  org.apache.coyote.http11.Http11NioProtocol - Initializing ProtocolHandler ["http-nio-8088"]
2019-01-15 09:19:37.588 [main] INFO  org.apache.catalina.core.StandardService - Starting service [Tomcat]
2019-01-15 09:19:37.588 [main] INFO  org.apache.catalina.core.StandardEngine - Starting Servlet Engine: Apache Tomcat/8.5.32
2019-01-15 09:19:37.597 [localhost-startStop-1] INFO  org.apache.catalina.core.AprLifecycleListener - The APR based Apache Tomcat Native library which allows optimal performance in production environments was not found on the java.library.path: [E:\anzhuang\java\bin;C:\WINDOWS\Sun\Java\bin;C:\WINDOWS\system32;C:\WINDOWS;C:\Program Files (x86)\Common Files\Oracle\Java\javapath;C:\WINDOWS\system32;C:\WINDOWS;C:\WINDOWS\System32\Wbem;C:\WINDOWS\System32\WindowsPowerShell\v1.0\;E:\anzhuang\java\bin;E:\anzhuang\java\jre\bin;E:\anzhuang\apache-maven-3.5.3\bin;C:\Program Files\MySQL\MySQL Server 5.7\bin;G:\nodejs811;E:\Git\cmd;E:\Ruby23-x64\bin;E:\Python\Python36;E:\Python\Python36\Lib\site-packages\Django-2.0.2-py3.6.egg\django;C:\Program Files\dotnet\;F:\gofile;%S;STEMROOT%\System32\OpenSSH\;E:\gradle-4.7-bin\gradle-4.7\bin;E:\anzhuang\Git\cmd;E:\anzhuang\rabbitMq7.3\erl7.3\bin;E:\anzhuang\RabbitMQ Server\rabbitmq_server-3.6.9\sbin;E:\anzhuang\nodejs\;C:\Program Files\MySQL\MySQL Utilities 1.6\;E:\Ruby23-x64\bin;C:\Users\wangshu\AppData\Local\Microsoft\WindowsApps;C:\Users\wangshu\AppData\Roaming\npm;.]
2019-01-15 09:19:37.695 [localhost-startStop-1] INFO  o.a.c.core.ContainerBase.[Tomcat].[localhost].[/] - Initializing Spring embedded WebApplicationContext
2019-01-15 09:19:37.695 [localhost-startStop-1] INFO  org.springframework.web.context.ContextLoader - Root WebApplicationContext: initialization completed in 2735 ms
2019-01-15 09:19:37.844 [localhost-startStop-1] INFO  o.s.boot.web.servlet.ServletRegistrationBean - Servlet dispatcherServlet mapped to [/]
2019-01-15 09:19:37.851 [localhost-startStop-1] INFO  o.s.boot.web.servlet.FilterRegistrationBean - Mapping filter: 'characterEncodingFilter' to: [/*]
2019-01-15 09:19:37.851 [localhost-startStop-1] INFO  o.s.boot.web.servlet.FilterRegistrationBean - Mapping filter: 'hiddenHttpMethodFilter' to: [/*]
2019-01-15 09:19:37.852 [localhost-startStop-1] INFO  o.s.boot.web.servlet.FilterRegistrationBean - Mapping filter: 'httpPutFormContentFilter' to: [/*]
2019-01-15 09:19:37.852 [localhost-startStop-1] INFO  o.s.boot.web.servlet.FilterRegistrationBean - Mapping filter: 'requestContextFilter' to: [/*]
2019-01-15 09:19:38.408 [main] INFO  com.zaxxer.hikari.HikariDataSource - HikariPool-1 - Starting...
2019-01-15 09:19:38.644 [main] INFO  com.zaxxer.hikari.HikariDataSource - HikariPool-1 - Start completed.
2019-01-15 09:19:39.464 [main] INFO  o.s.web.servlet.handler.SimpleUrlHandlerMapping - Mapped URL path [/**/favicon.ico] onto handler of type [class org.springframework.web.servlet.resource.ResourceHttpRequestHandler]
2019-01-15 09:19:39.635 [main] INFO  o.s.w.s.m.m.a.RequestMappingHandlerAdapter - Looking for @ControllerAdvice: org.springframework.boot.web.servlet.context.AnnotationConfigServletWebServerApplicationContext@23d1e5d0: startup date [Tue Jan 15 09:19:34 CST 2019]; root of context hierarchy
2019-01-15 09:19:39.701 [main] INFO  o.s.w.s.m.m.a.RequestMappingHandlerMapping - Mapped "{[/domain],methods=[GET]}" onto public org.wlgzs.website.util.Result.Result<java.util.List<org.wlgzs.website.entity.TbDomain>> org.wlgzs.website.controller.domain.DomainController.getAllDomain()
2019-01-15 09:19:39.706 [main] INFO  o.s.w.s.m.m.a.RequestMappingHandlerMapping - Mapped "{[/clear],methods=[GET]}" onto public void org.wlgzs.website.controller.LoginController.clear(javax.servlet.http.HttpServletRequest,javax.servlet.http.HttpServletResponse)
2019-01-15 09:19:39.706 [main] INFO  o.s.w.s.m.m.a.RequestMappingHandlerMapping - Mapped "{[/addcookie],methods=[GET]}" onto public void org.wlgzs.website.controller.LoginController.addCookies(java.lang.String,java.lang.String,javax.servlet.http.HttpServletResponse)
2019-01-15 09:19:39.707 [main] INFO  o.s.w.s.m.m.a.RequestMappingHandlerMapping - Mapped "{[/ssocheck],methods=[GET]}" onto public org.springframework.web.servlet.ModelAndView org.wlgzs.website.controller.LoginController.checkCookies(javax.servlet.http.HttpServletRequest)
2019-01-15 09:19:39.707 [main] INFO  o.s.w.s.m.m.a.RequestMappingHandlerMapping - Mapped "{[/loginout],methods=[GET]}" onto public org.springframework.web.servlet.ModelAndView org.wlgzs.website.controller.LoginController.loginOut()
2019-01-15 09:19:39.707 [main] INFO  o.s.w.s.m.m.a.RequestMappingHandlerMapping - Mapped "{[/login],methods=[POST]}" onto public org.springframework.web.servlet.ModelAndView org.wlgzs.website.controller.LoginController.doLogin(java.lang.String,java.lang.String)
2019-01-15 09:19:39.708 [main] INFO  o.s.w.s.m.m.a.RequestMappingHandlerMapping - Mapped "{[/sso],methods=[POST]}" onto public org.wlgzs.website.util.Result.Result<java.util.Map<java.lang.String, java.lang.Object>> org.wlgzs.website.controller.SsoCheck.checkLogin(java.lang.String,java.lang.String)
2019-01-15 09:19:39.709 [main] INFO  o.s.w.s.m.m.a.RequestMappingHandlerMapping - Mapped "{[/sso/authcookies],methods=[GET]}" onto public boolean org.wlgzs.website.controller.SsoCheck.checkAuthCookies(java.lang.String,java.lang.String)
2019-01-15 09:19:39.709 [main] INFO  o.s.w.s.m.m.a.RequestMappingHandlerMapping - Mapped "{[/sso/loginout],methods=[GET]}" onto public java.lang.String org.wlgzs.website.controller.SsoCheck.loginOut(javax.servlet.http.HttpServletRequest)
2019-01-15 09:19:39.710 [main] INFO  o.s.w.s.m.m.a.RequestMappingHandlerMapping - Mapped "{[/user],methods=[PUT]}" onto public org.wlgzs.website.util.Result.Result org.wlgzs.website.controller.user.UserController.insertUser(org.wlgzs.website.entity.TbUser)
2019-01-15 09:19:39.713 [main] INFO  o.s.w.s.m.m.a.RequestMappingHandlerMapping - Mapped "{[/error]}" onto public org.springframework.http.ResponseEntity<java.util.Map<java.lang.String, java.lang.Object>> org.springframework.boot.autoconfigure.web.servlet.error.BasicErrorController.error(javax.servlet.http.HttpServletRequest)
2019-01-15 09:19:39.713 [main] INFO  o.s.w.s.m.m.a.RequestMappingHandlerMapping - Mapped "{[/error],produces=[text/html]}" onto public org.springframework.web.servlet.ModelAndView org.springframework.boot.autoconfigure.web.servlet.error.BasicErrorController.errorHtml(javax.servlet.http.HttpServletRequest,javax.servlet.http.HttpServletResponse)
2019-01-15 09:19:39.739 [main] INFO  o.s.web.servlet.handler.SimpleUrlHandlerMapping - Mapped URL path [/webjars/**] onto handler of type [class org.springframework.web.servlet.resource.ResourceHttpRequestHandler]
2019-01-15 09:19:39.739 [main] INFO  o.s.web.servlet.handler.SimpleUrlHandlerMapping - Mapped URL path [/**] onto handler of type [class org.springframework.web.servlet.resource.ResourceHttpRequestHandler]
2019-01-15 09:19:39.795 [main] WARN  org.thymeleaf.templatemode.TemplateMode - [THYMELEAF][main] Template Mode 'HTML5' is deprecated. Using Template Mode 'HTML' instead.
2019-01-15 09:19:39.848 [main] INFO  o.s.b.a.web.servlet.WelcomePageHandlerMapping - Adding welcome page template: index
2019-01-15 09:19:40.126 [main] INFO  o.s.jmx.export.annotation.AnnotationMBeanExporter - Registering beans for JMX exposure on startup
2019-01-15 09:19:40.128 [main] INFO  o.s.jmx.export.annotation.AnnotationMBeanExporter - Bean with name 'dataSource' has been autodetected for JMX exposure
2019-01-15 09:19:40.133 [main] INFO  o.s.jmx.export.annotation.AnnotationMBeanExporter - Located MBean 'dataSource': registering with JMX server as MBean [com.zaxxer.hikari:name=dataSource,type=HikariDataSource]
2019-01-15 09:19:40.162 [main] INFO  org.apache.coyote.http11.Http11NioProtocol - Starting ProtocolHandler ["http-nio-8088"]
2019-01-15 09:19:40.181 [main] INFO  org.apache.tomcat.util.net.NioSelectorPool - Using a shared selector for servlet write/read
2019-01-15 09:19:40.218 [main] INFO  o.s.boot.web.embedded.tomcat.TomcatWebServer - Tomcat started on port(s): 8088 (http) with context path ''
2019-01-15 09:19:40.221 [main] INFO  org.wlgzs.website.OrgApplication - Started OrgApplication in 7.975 seconds (JVM running for 15.279)
2019-01-15 09:20:02.279 [http-nio-8088-exec-1] INFO  o.a.c.core.ContainerBase.[Tomcat].[localhost].[/] - Initializing Spring FrameworkServlet 'dispatcherServlet'
2019-01-15 09:20:02.279 [http-nio-8088-exec-1] INFO  org.springframework.web.servlet.DispatcherServlet - FrameworkServlet 'dispatcherServlet': initialization started
2019-01-15 09:20:02.298 [http-nio-8088-exec-1] INFO  org.springframework.web.servlet.DispatcherServlet - FrameworkServlet 'dispatcherServlet': initialization completed in 19 ms
2019-01-15 09:45:16.145 [main] INFO  com.wlgzs.org.OrgApplicationTests - Starting OrgApplicationTests on ZhangXuBin with PID 12772 (started by wangshu in F:\githubproject\sso)
2019-01-15 09:45:16.146 [main] INFO  com.wlgzs.org.OrgApplicationTests - The following profiles are active: dev
2019-01-15 09:45:16.179 [main] INFO  o.s.w.context.support.GenericWebApplicationContext - Refreshing org.springframework.web.context.support.GenericWebApplicationContext@2415fc55: startup date [Tue Jan 15 09:45:16 CST 2019]; root of context hierarchy
2019-01-15 09:45:17.874 [main] INFO  com.zaxxer.hikari.HikariDataSource - HikariPool-1 - Starting...
2019-01-15 09:45:18.527 [main] INFO  com.zaxxer.hikari.HikariDataSource - HikariPool-1 - Start completed.
2019-01-15 09:45:19.157 [main] INFO  o.s.web.servlet.handler.SimpleUrlHandlerMapping - Mapped URL path [/**/favicon.ico] onto handler of type [class org.springframework.web.servlet.resource.ResourceHttpRequestHandler]
2019-01-15 09:45:19.461 [main] INFO  o.s.w.s.m.m.a.RequestMappingHandlerAdapter - Looking for @ControllerAdvice: org.springframework.web.context.support.GenericWebApplicationContext@2415fc55: startup date [Tue Jan 15 09:45:16 CST 2019]; root of context hierarchy
2019-01-15 09:45:19.527 [main] INFO  o.s.w.s.m.m.a.RequestMappingHandlerMapping - Mapped "{[/domain],methods=[GET]}" onto public org.wlgzs.website.util.Result.Result<java.util.List<org.wlgzs.website.entity.TbDomain>> org.wlgzs.website.controller.domain.DomainController.getAllDomain()
2019-01-15 09:45:19.530 [main] INFO  o.s.w.s.m.m.a.RequestMappingHandlerMapping - Mapped "{[/clear],methods=[GET]}" onto public void org.wlgzs.website.controller.LoginController.clear(javax.servlet.http.HttpServletRequest,javax.servlet.http.HttpServletResponse)
2019-01-15 09:45:19.531 [main] INFO  o.s.w.s.m.m.a.RequestMappingHandlerMapping - Mapped "{[/ssocheck],methods=[GET]}" onto public org.springframework.web.servlet.ModelAndView org.wlgzs.website.controller.LoginController.checkCookies(javax.servlet.http.HttpServletRequest)
2019-01-15 09:45:19.531 [main] INFO  o.s.w.s.m.m.a.RequestMappingHandlerMapping - Mapped "{[/login],methods=[POST]}" onto public org.springframework.web.servlet.ModelAndView org.wlgzs.website.controller.LoginController.doLogin(java.lang.String,java.lang.String)
2019-01-15 09:45:19.531 [main] INFO  o.s.w.s.m.m.a.RequestMappingHandlerMapping - Mapped "{[/addcookie],methods=[GET]}" onto public void org.wlgzs.website.controller.LoginController.addCookies(java.lang.String,java.lang.String,javax.servlet.http.HttpServletResponse)
2019-01-15 09:45:19.532 [main] INFO  o.s.w.s.m.m.a.RequestMappingHandlerMapping - Mapped "{[/loginout],methods=[GET]}" onto public org.springframework.web.servlet.ModelAndView org.wlgzs.website.controller.LoginController.loginOut()
2019-01-15 09:45:19.533 [main] INFO  o.s.w.s.m.m.a.RequestMappingHandlerMapping - Mapped "{[/sso/authcookies],methods=[GET]}" onto public boolean org.wlgzs.website.controller.SsoCheck.checkAuthCookies(java.lang.String,java.lang.String)
2019-01-15 09:45:19.534 [main] INFO  o.s.w.s.m.m.a.RequestMappingHandlerMapping - Mapped "{[/sso],methods=[POST]}" onto public org.wlgzs.website.util.Result.Result<java.util.Map<java.lang.String, java.lang.Object>> org.wlgzs.website.controller.SsoCheck.checkLogin(java.lang.String,java.lang.String)
2019-01-15 09:45:19.534 [main] INFO  o.s.w.s.m.m.a.RequestMappingHandlerMapping - Mapped "{[/sso/loginout],methods=[GET]}" onto public java.lang.String org.wlgzs.website.controller.SsoCheck.loginOut(javax.servlet.http.HttpServletRequest)
2019-01-15 09:45:19.536 [main] INFO  o.s.w.s.m.m.a.RequestMappingHandlerMapping - Mapped "{[/user],methods=[PUT]}" onto public org.wlgzs.website.util.Result.Result org.wlgzs.website.controller.user.UserController.insertUser(org.wlgzs.website.entity.TbUser)
2019-01-15 09:45:19.540 [main] INFO  o.s.w.s.m.m.a.RequestMappingHandlerMapping - Mapped "{[/error]}" onto public org.springframework.http.ResponseEntity<java.util.Map<java.lang.String, java.lang.Object>> org.springframework.boot.autoconfigure.web.servlet.error.BasicErrorController.error(javax.servlet.http.HttpServletRequest)
2019-01-15 09:45:19.540 [main] INFO  o.s.w.s.m.m.a.RequestMappingHandlerMapping - Mapped "{[/error],produces=[text/html]}" onto public org.springframework.web.servlet.ModelAndView org.springframework.boot.autoconfigure.web.servlet.error.BasicErrorController.errorHtml(javax.servlet.http.HttpServletRequest,javax.servlet.http.HttpServletResponse)
2019-01-15 09:45:19.569 [main] INFO  o.s.web.servlet.handler.SimpleUrlHandlerMapping - Mapped URL path [/webjars/**] onto handler of type [class org.springframework.web.servlet.resource.ResourceHttpRequestHandler]
2019-01-15 09:45:19.569 [main] INFO  o.s.web.servlet.handler.SimpleUrlHandlerMapping - Mapped URL path [/**] onto handler of type [class org.springframework.web.servlet.resource.ResourceHttpRequestHandler]
2019-01-15 09:45:19.646 [main] WARN  org.thymeleaf.templatemode.TemplateMode - [THYMELEAF][main] Template Mode 'HTML5' is deprecated. Using Template Mode 'HTML' instead.
2019-01-15 09:45:19.694 [main] INFO  o.s.b.a.web.servlet.WelcomePageHandlerMapping - Adding welcome page template: index
2019-01-15 09:45:20.117 [main] INFO  com.wlgzs.org.OrgApplicationTests - Started OrgApplicationTests in 4.995 seconds (JVM running for 7.061)
2019-01-15 09:45:20.261 [main] INFO  com.wlgzs.org.OrgApplicationTests - start test
2019-01-15 09:45:21.052 [main] INFO  com.wlgzs.org.OrgApplicationTests - "resultCode:INSERTSUCCESS,message:添加成功,data:null"
2019-01-15 09:45:21.756 [main] INFO  com.wlgzs.org.OrgApplicationTests - {"salt":"1234","roleId":1,"sex":"男","className":"计科163","studyDirect":"JavaWeb","remark":"","grades":"大二","lastLoginDate":"","headPhoto":"","password":"1234","phone":"18738357910","blogUrl":"","name":"张金高","id":0,"username":"zjg"}
2019-01-15 09:45:21.769 [Thread-2] INFO  o.s.w.context.support.GenericWebApplicationContext - Closing org.springframework.web.context.support.GenericWebApplicationContext@2415fc55: startup date [Tue Jan 15 09:45:16 CST 2019]; root of context hierarchy
2019-01-15 09:45:21.780 [Thread-2] INFO  com.zaxxer.hikari.HikariDataSource - HikariPool-1 - Shutdown initiated...
2019-01-15 09:45:21.795 [Thread-2] INFO  com.zaxxer.hikari.HikariDataSource - HikariPool-1 - Shutdown completed.
2019-01-15 09:46:19.648 [http-nio-8088-exec-10] INFO  org.wlgzs.website.controller.SsoCheck - 统一登录校验
2019-01-15 09:53:07.119 [http-nio-8088-exec-4] INFO  org.wlgzs.website.controller.SsoCheck - 统一登录校验
2019-01-15 09:54:08.351 [http-nio-8088-exec-6] INFO  org.wlgzs.website.controller.SsoCheck - 统一登录校验
2019-01-15 09:56:08.526 [HikariPool-1 housekeeper] WARN  com.zaxxer.hikari.pool.HikariPool - HikariPool-1 - Thread starvation or clock leap detected (housekeeper delta=2m26s68ms102µs797ns).
2019-01-15 09:58:18.477 [HikariPool-1 housekeeper] WARN  com.zaxxer.hikari.pool.HikariPool - HikariPool-1 - Thread starvation or clock leap detected (housekeeper delta=1m39s329ms501µs965ns).
2019-01-15 10:10:02.974 [main] INFO  org.wlgzs.website.OrgApplication - Starting OrgApplication on ZhangXuBin with PID 1216 (F:\githubproject\sso\target\classes started by wangshu in F:\githubproject\sso)
2019-01-15 10:10:02.978 [main] INFO  org.wlgzs.website.OrgApplication - The following profiles are active: dev
2019-01-15 10:10:03.048 [main] INFO  o.s.b.w.s.c.AnnotationConfigServletWebServerApplicationContext - Refreshing org.springframework.boot.web.servlet.context.AnnotationConfigServletWebServerApplicationContext@31000e60: startup date [Tue Jan 15 10:10:03 CST 2019]; root of context hierarchy
2019-01-15 10:10:04.184 [main] INFO  o.s.boot.web.embedded.tomcat.TomcatWebServer - Tomcat initialized with port(s): 8088 (http)
2019-01-15 10:10:04.195 [main] INFO  org.apache.coyote.http11.Http11NioProtocol - Initializing ProtocolHandler ["http-nio-8088"]
2019-01-15 10:10:04.204 [main] INFO  org.apache.catalina.core.StandardService - Starting service [Tomcat]
2019-01-15 10:10:04.205 [main] INFO  org.apache.catalina.core.StandardEngine - Starting Servlet Engine: Apache Tomcat/8.5.32
2019-01-15 10:10:04.209 [localhost-startStop-1] INFO  org.apache.catalina.core.AprLifecycleListener - The APR based Apache Tomcat Native library which allows optimal performance in production environments was not found on the java.library.path: [E:\anzhuang\java\bin;C:\WINDOWS\Sun\Java\bin;C:\WINDOWS\system32;C:\WINDOWS;C:\Program Files (x86)\Common Files\Oracle\Java\javapath;C:\WINDOWS\system32;C:\WINDOWS;C:\WINDOWS\System32\Wbem;C:\WINDOWS\System32\WindowsPowerShell\v1.0\;E:\anzhuang\java\bin;E:\anzhuang\java\jre\bin;E:\anzhuang\apache-maven-3.5.3\bin;C:\Program Files\MySQL\MySQL Server 5.7\bin;G:\nodejs811;E:\Git\cmd;E:\Ruby23-x64\bin;E:\Python\Python36;E:\Python\Python36\Lib\site-packages\Django-2.0.2-py3.6.egg\django;C:\Program Files\dotnet\;F:\gofile;%S;STEMROOT%\System32\OpenSSH\;E:\gradle-4.7-bin\gradle-4.7\bin;E:\anzhuang\Git\cmd;E:\anzhuang\rabbitMq7.3\erl7.3\bin;E:\anzhuang\RabbitMQ Server\rabbitmq_server-3.6.9\sbin;E:\anzhuang\nodejs\;C:\Program Files\MySQL\MySQL Utilities 1.6\;E:\Ruby23-x64\bin;C:\Users\wangshu\AppData\Local\Microsoft\WindowsApps;C:\Users\wangshu\AppData\Roaming\npm;.]
2019-01-15 10:10:04.297 [localhost-startStop-1] INFO  o.a.c.core.ContainerBase.[Tomcat].[localhost].[/] - Initializing Spring embedded WebApplicationContext
2019-01-15 10:10:04.297 [localhost-startStop-1] INFO  org.springframework.web.context.ContextLoader - Root WebApplicationContext: initialization completed in 1249 ms
2019-01-15 10:10:04.375 [localhost-startStop-1] INFO  o.s.boot.web.servlet.ServletRegistrationBean - Servlet dispatcherServlet mapped to [/]
2019-01-15 10:10:04.380 [localhost-startStop-1] INFO  o.s.boot.web.servlet.FilterRegistrationBean - Mapping filter: 'characterEncodingFilter' to: [/*]
2019-01-15 10:10:04.381 [localhost-startStop-1] INFO  o.s.boot.web.servlet.FilterRegistrationBean - Mapping filter: 'hiddenHttpMethodFilter' to: [/*]
2019-01-15 10:10:04.381 [localhost-startStop-1] INFO  o.s.boot.web.servlet.FilterRegistrationBean - Mapping filter: 'httpPutFormContentFilter' to: [/*]
2019-01-15 10:10:04.381 [localhost-startStop-1] INFO  o.s.boot.web.servlet.FilterRegistrationBean - Mapping filter: 'requestContextFilter' to: [/*]
2019-01-15 10:10:04.546 [main] INFO  com.zaxxer.hikari.HikariDataSource - HikariPool-1 - Starting...
2019-01-15 10:10:04.717 [main] INFO  com.zaxxer.hikari.HikariDataSource - HikariPool-1 - Start completed.
2019-01-15 10:10:05.360 [main] INFO  o.s.web.servlet.handler.SimpleUrlHandlerMapping - Mapped URL path [/**/favicon.ico] onto handler of type [class org.springframework.web.servlet.resource.ResourceHttpRequestHandler]
2019-01-15 10:10:05.734 [main] INFO  o.s.w.s.m.m.a.RequestMappingHandlerAdapter - Looking for @ControllerAdvice: org.springframework.boot.web.servlet.context.AnnotationConfigServletWebServerApplicationContext@31000e60: startup date [Tue Jan 15 10:10:03 CST 2019]; root of context hierarchy
2019-01-15 10:10:05.788 [main] INFO  o.s.w.s.m.m.a.RequestMappingHandlerMapping - Mapped "{[/domain],methods=[GET]}" onto public org.wlgzs.website.util.Result.Result<java.util.List<org.wlgzs.website.entity.TbDomain>> org.wlgzs.website.controller.domain.DomainController.getAllDomain()
2019-01-15 10:10:05.793 [main] INFO  o.s.w.s.m.m.a.RequestMappingHandlerMapping - Mapped "{[/clear],methods=[GET]}" onto public void org.wlgzs.website.controller.LoginController.clear(javax.servlet.http.HttpServletRequest,javax.servlet.http.HttpServletResponse)
2019-01-15 10:10:05.793 [main] INFO  o.s.w.s.m.m.a.RequestMappingHandlerMapping - Mapped "{[/loginout],methods=[GET]}" onto public org.springframework.web.servlet.ModelAndView org.wlgzs.website.controller.LoginController.loginOut()
2019-01-15 10:10:05.793 [main] INFO  o.s.w.s.m.m.a.RequestMappingHandlerMapping - Mapped "{[/login],methods=[POST]}" onto public org.springframework.web.servlet.ModelAndView org.wlgzs.website.controller.LoginController.doLogin(java.lang.String,java.lang.String)
2019-01-15 10:10:05.794 [main] INFO  o.s.w.s.m.m.a.RequestMappingHandlerMapping - Mapped "{[/ssocheck],methods=[GET]}" onto public org.springframework.web.servlet.ModelAndView org.wlgzs.website.controller.LoginController.checkCookies(javax.servlet.http.HttpServletRequest)
2019-01-15 10:10:05.794 [main] INFO  o.s.w.s.m.m.a.RequestMappingHandlerMapping - Mapped "{[/addcookie],methods=[GET]}" onto public void org.wlgzs.website.controller.LoginController.addCookies(java.lang.String,java.lang.String,javax.servlet.http.HttpServletResponse)
2019-01-15 10:10:05.795 [main] INFO  o.s.w.s.m.m.a.RequestMappingHandlerMapping - Mapped "{[/sso/loginout],methods=[GET]}" onto public java.lang.String org.wlgzs.website.controller.SsoCheck.loginOut(javax.servlet.http.HttpServletRequest)
2019-01-15 10:10:05.795 [main] INFO  o.s.w.s.m.m.a.RequestMappingHandlerMapping - Mapped "{[/sso/authcookies],methods=[GET]}" onto public boolean org.wlgzs.website.controller.SsoCheck.checkAuthCookies(java.lang.String,java.lang.String)
2019-01-15 10:10:05.796 [main] INFO  o.s.w.s.m.m.a.RequestMappingHandlerMapping - Mapped "{[/sso],methods=[POST]}" onto public org.wlgzs.website.util.Result.Result<java.util.Map<java.lang.String, java.lang.Object>> org.wlgzs.website.controller.SsoCheck.checkLogin(java.lang.String,java.lang.String)
2019-01-15 10:10:05.797 [main] INFO  o.s.w.s.m.m.a.RequestMappingHandlerMapping - Mapped "{[/user],methods=[PUT]}" onto public org.wlgzs.website.util.Result.Result org.wlgzs.website.controller.user.UserController.insertUser(org.wlgzs.website.entity.TbUser)
2019-01-15 10:10:05.799 [main] INFO  o.s.w.s.m.m.a.RequestMappingHandlerMapping - Mapped "{[/error]}" onto public org.springframework.http.ResponseEntity<java.util.Map<java.lang.String, java.lang.Object>> org.springframework.boot.autoconfigure.web.servlet.error.BasicErrorController.error(javax.servlet.http.HttpServletRequest)
2019-01-15 10:10:05.800 [main] INFO  o.s.w.s.m.m.a.RequestMappingHandlerMapping - Mapped "{[/error],produces=[text/html]}" onto public org.springframework.web.servlet.ModelAndView org.springframework.boot.autoconfigure.web.servlet.error.BasicErrorController.errorHtml(javax.servlet.http.HttpServletRequest,javax.servlet.http.HttpServletResponse)
2019-01-15 10:10:05.837 [main] INFO  o.s.web.servlet.handler.SimpleUrlHandlerMapping - Mapped URL path [/webjars/**] onto handler of type [class org.springframework.web.servlet.resource.ResourceHttpRequestHandler]
2019-01-15 10:10:05.837 [main] INFO  o.s.web.servlet.handler.SimpleUrlHandlerMapping - Mapped URL path [/**] onto handler of type [class org.springframework.web.servlet.resource.ResourceHttpRequestHandler]
2019-01-15 10:10:05.893 [main] WARN  org.thymeleaf.templatemode.TemplateMode - [THYMELEAF][main] Template Mode 'HTML5' is deprecated. Using Template Mode 'HTML' instead.
2019-01-15 10:10:05.941 [main] INFO  o.s.b.a.web.servlet.WelcomePageHandlerMapping - Adding welcome page template: index
2019-01-15 10:10:06.153 [main] INFO  o.s.jmx.export.annotation.AnnotationMBeanExporter - Registering beans for JMX exposure on startup
2019-01-15 10:10:06.155 [main] INFO  o.s.jmx.export.annotation.AnnotationMBeanExporter - Bean with name 'dataSource' has been autodetected for JMX exposure
2019-01-15 10:10:06.160 [main] INFO  o.s.jmx.export.annotation.AnnotationMBeanExporter - Located MBean 'dataSource': registering with JMX server as MBean [com.zaxxer.hikari:name=dataSource,type=HikariDataSource]
2019-01-15 10:10:06.172 [main] INFO  org.apache.coyote.http11.Http11NioProtocol - Starting ProtocolHandler ["http-nio-8088"]
2019-01-15 10:10:06.250 [main] INFO  org.apache.tomcat.util.net.NioSelectorPool - Using a shared selector for servlet write/read
2019-01-15 10:10:06.292 [main] INFO  o.s.boot.web.embedded.tomcat.TomcatWebServer - Tomcat started on port(s): 8088 (http) with context path ''
2019-01-15 10:10:06.296 [main] INFO  org.wlgzs.website.OrgApplication - Started OrgApplication in 4.856 seconds (JVM running for 5.826)
2019-01-15 10:10:59.433 [http-nio-8088-exec-1] INFO  o.a.c.core.ContainerBase.[Tomcat].[localhost].[/] - Initializing Spring FrameworkServlet 'dispatcherServlet'
2019-01-15 10:10:59.433 [http-nio-8088-exec-1] INFO  org.springframework.web.servlet.DispatcherServlet - FrameworkServlet 'dispatcherServlet': initialization started
2019-01-15 10:10:59.467 [http-nio-8088-exec-1] INFO  org.springframework.web.servlet.DispatcherServlet - FrameworkServlet 'dispatcherServlet': initialization completed in 34 ms
2019-01-15 10:11:08.626 [http-nio-8088-exec-1] INFO  org.wlgzs.website.util.AesUtil - 统一登录校验
2019-01-15 10:12:34.217 [http-nio-8088-exec-4] INFO  org.wlgzs.website.util.AesUtil - 统一登录校验
2019-01-15 10:13:39.724 [HikariPool-1 housekeeper] WARN  com.zaxxer.hikari.pool.HikariPool - HikariPool-1 - Thread starvation or clock leap detected (housekeeper delta=46s954ms111µs904ns).
2019-01-15 10:14:40.466 [HikariPool-1 housekeeper] WARN  com.zaxxer.hikari.pool.HikariPool - HikariPool-1 - Thread starvation or clock leap detected (housekeeper delta=1m741ms114µs508ns).
2019-01-15 10:14:58.965 [http-nio-8088-exec-4] INFO  org.wlgzs.website.util.JwtUtil - 加密后：eyJ0eXAiOiJKV1QiLCJhbGciOiJIUzI1NiJ9.eyJpc3MiOiJ3bGd6cyIsInVzZXIiOiI2RDJFQTI0QjA4RTZGMjI2NkE5OTU1OEU2MkZBQkQxMDVBRUQ5NkQ0N0U1QTEyMTgwMjM2NjQxNkNFRDlDQTM2Njc4MDQzRkNDOTNGNUExMjMxMEM2ODY0NDkzMkVGQTlGNDE3NTgxMUMxRTkwMEJEMTUwRTAwMUE0NkUyOThGNTI3NzU4MDFCMTY4MjVDQ0JDQTA1MjE3MjgxMUZEMzNBMEJCRDE3RkNFRjQ0NDFDNzgwOTU0QzY0QjU0OTVBMDRGRENGRjYyMzg3OTFDRjUyQjg2RDI2NDBDQkQxNUNEMjIxNTYzMDg4QTlEREZCQUE2REY2NEM5MjE0QjJDRDQwOTRCNDBFRjAyQTIwMzE2MTQxMTQyQ0JBNUE1NjQ1NTJCMTZFMjhBNzA3QjRFMDI4RjlCRTk4NjNGN0Q2NTBEQTA2MzREMURDMkEyQzFEOTk2NzIyRDVEMUQ0NERERjg2OTAzNUI4NUE5RDE0NTNDQTM4Mjk2NUNFMjZFNUM4RTlGNEU2N0Y2MUI3QTdFMjE2QkNBQjZENEEyMzkxQjk1RjhDQ0M2Qzk0RjRFNkMzMDJFOTJDRTczN0UxRUMzRDE1RTg5NkNBNjA3MDUzNjFCNjJDMkI3Mjc3MjBENDc0NTZCOTQzMjVDMzgxRDczNzI1REQ3MEI4ODg0M0JBREQzMUMxMUQ0MjkyQUI5NDQ2NkU5RkMyNTZDQjQzMzQwNzAwMjE3MTgzMEI0ODQ4MENFNTEwNUNDOTVFREM2ODYyQkFGNjc1RjE1Njk5OTlGQTAxQzU2RUYyRDY1M0U2RDlCNUNDM0UzMzRERjQzMEUzMDMwNDNGMTUyMkY4N0Y3RjgyODhDREZBODBGOEE3NzNDQkQ5Rjg4OTJBMEEyOTFDQkYzRjM4RThGMjk4NTI5NTJFQ0FGNUIwOEMxN0U2QUFBMyJ9.2YMnxGvBT3EzvFwuf_yZPoqvNCxyd3svygxnHOarxe0
2019-01-15 10:16:05.379 [HikariPool-1 housekeeper] WARN  com.zaxxer.hikari.pool.HikariPool - HikariPool-1 - Thread starvation or clock leap detected (housekeeper delta=53s793ms955µs797ns).
2019-01-15 10:19:08.350 [HikariPool-1 housekeeper] WARN  com.zaxxer.hikari.pool.HikariPool - HikariPool-1 - Thread starvation or clock leap detected (housekeeper delta=3m2s971ms203µs152ns).
2019-01-15 10:33:08.219 [main] INFO  org.wlgzs.website.OrgApplication - Starting OrgApplication on ZhangXuBin with PID 14716 (F:\githubproject\sso\target\classes started by wangshu in F:\githubproject\sso)
2019-01-15 10:33:08.223 [main] INFO  org.wlgzs.website.OrgApplication - The following profiles are active: dev
2019-01-15 10:33:08.267 [main] INFO  o.s.b.w.s.c.AnnotationConfigServletWebServerApplicationContext - Refreshing org.springframework.boot.web.servlet.context.AnnotationConfigServletWebServerApplicationContext@1d131e1b: startup date [Tue Jan 15 10:33:08 CST 2019]; root of context hierarchy
2019-01-15 10:33:09.408 [main] INFO  o.s.boot.web.embedded.tomcat.TomcatWebServer - Tomcat initialized with port(s): 8088 (http)
2019-01-15 10:33:09.419 [main] INFO  org.apache.coyote.http11.Http11NioProtocol - Initializing ProtocolHandler ["http-nio-8088"]
2019-01-15 10:33:09.428 [main] INFO  org.apache.catalina.core.StandardService - Starting service [Tomcat]
2019-01-15 10:33:09.428 [main] INFO  org.apache.catalina.core.StandardEngine - Starting Servlet Engine: Apache Tomcat/8.5.32
2019-01-15 10:33:09.433 [localhost-startStop-1] INFO  org.apache.catalina.core.AprLifecycleListener - The APR based Apache Tomcat Native library which allows optimal performance in production environments was not found on the java.library.path: [E:\anzhuang\java\bin;C:\WINDOWS\Sun\Java\bin;C:\WINDOWS\system32;C:\WINDOWS;C:\Program Files (x86)\Common Files\Oracle\Java\javapath;C:\WINDOWS\system32;C:\WINDOWS;C:\WINDOWS\System32\Wbem;C:\WINDOWS\System32\WindowsPowerShell\v1.0\;E:\anzhuang\java\bin;E:\anzhuang\java\jre\bin;E:\anzhuang\apache-maven-3.5.3\bin;C:\Program Files\MySQL\MySQL Server 5.7\bin;G:\nodejs811;E:\Git\cmd;E:\Ruby23-x64\bin;E:\Python\Python36;E:\Python\Python36\Lib\site-packages\Django-2.0.2-py3.6.egg\django;C:\Program Files\dotnet\;F:\gofile;%S;STEMROOT%\System32\OpenSSH\;E:\gradle-4.7-bin\gradle-4.7\bin;E:\anzhuang\Git\cmd;E:\anzhuang\rabbitMq7.3\erl7.3\bin;E:\anzhuang\RabbitMQ Server\rabbitmq_server-3.6.9\sbin;E:\anzhuang\nodejs\;C:\Program Files\MySQL\MySQL Utilities 1.6\;E:\Ruby23-x64\bin;C:\Users\wangshu\AppData\Local\Microsoft\WindowsApps;C:\Users\wangshu\AppData\Roaming\npm;.]
2019-01-15 10:33:09.514 [localhost-startStop-1] INFO  o.a.c.core.ContainerBase.[Tomcat].[localhost].[/] - Initializing Spring embedded WebApplicationContext
2019-01-15 10:33:09.514 [localhost-startStop-1] INFO  org.springframework.web.context.ContextLoader - Root WebApplicationContext: initialization completed in 1247 ms
2019-01-15 10:33:09.577 [localhost-startStop-1] INFO  o.s.boot.web.servlet.ServletRegistrationBean - Servlet dispatcherServlet mapped to [/]
2019-01-15 10:33:09.583 [localhost-startStop-1] INFO  o.s.boot.web.servlet.FilterRegistrationBean - Mapping filter: 'characterEncodingFilter' to: [/*]
2019-01-15 10:33:09.583 [localhost-startStop-1] INFO  o.s.boot.web.servlet.FilterRegistrationBean - Mapping filter: 'hiddenHttpMethodFilter' to: [/*]
2019-01-15 10:33:09.583 [localhost-startStop-1] INFO  o.s.boot.web.servlet.FilterRegistrationBean - Mapping filter: 'httpPutFormContentFilter' to: [/*]
2019-01-15 10:33:09.583 [localhost-startStop-1] INFO  o.s.boot.web.servlet.FilterRegistrationBean - Mapping filter: 'requestContextFilter' to: [/*]
2019-01-15 10:33:09.756 [main] INFO  com.zaxxer.hikari.HikariDataSource - HikariPool-1 - Starting...
2019-01-15 10:33:09.919 [main] INFO  com.zaxxer.hikari.HikariDataSource - HikariPool-1 - Start completed.
2019-01-15 10:33:10.284 [main] INFO  o.s.web.servlet.handler.SimpleUrlHandlerMapping - Mapped URL path [/**/favicon.ico] onto handler of type [class org.springframework.web.servlet.resource.ResourceHttpRequestHandler]
2019-01-15 10:33:10.461 [main] INFO  o.s.w.s.m.m.a.RequestMappingHandlerAdapter - Looking for @ControllerAdvice: org.springframework.boot.web.servlet.context.AnnotationConfigServletWebServerApplicationContext@1d131e1b: startup date [Tue Jan 15 10:33:08 CST 2019]; root of context hierarchy
2019-01-15 10:33:10.514 [main] INFO  o.s.w.s.m.m.a.RequestMappingHandlerMapping - Mapped "{[/domain],methods=[GET]}" onto public org.wlgzs.website.util.Result.Result<java.util.List<org.wlgzs.website.entity.TbDomain>> org.wlgzs.website.controller.domain.DomainController.getAllDomain()
2019-01-15 10:33:10.517 [main] INFO  o.s.w.s.m.m.a.RequestMappingHandlerMapping - Mapped "{[/clear],methods=[GET]}" onto public void org.wlgzs.website.controller.LoginController.clear(javax.servlet.http.HttpServletRequest,javax.servlet.http.HttpServletResponse)
2019-01-15 10:33:10.518 [main] INFO  o.s.w.s.m.m.a.RequestMappingHandlerMapping - Mapped "{[/ssocheck],methods=[GET]}" onto public org.springframework.web.servlet.ModelAndView org.wlgzs.website.controller.LoginController.checkCookies(javax.servlet.http.HttpServletRequest)
2019-01-15 10:33:10.518 [main] INFO  o.s.w.s.m.m.a.RequestMappingHandlerMapping - Mapped "{[/login],methods=[POST]}" onto public org.springframework.web.servlet.ModelAndView org.wlgzs.website.controller.LoginController.doLogin(java.lang.String,java.lang.String)
2019-01-15 10:33:10.518 [main] INFO  o.s.w.s.m.m.a.RequestMappingHandlerMapping - Mapped "{[/loginout],methods=[GET]}" onto public org.springframework.web.servlet.ModelAndView org.wlgzs.website.controller.LoginController.loginOut()
2019-01-15 10:33:10.519 [main] INFO  o.s.w.s.m.m.a.RequestMappingHandlerMapping - Mapped "{[/addcookie],methods=[GET]}" onto public void org.wlgzs.website.controller.LoginController.addCookies(java.lang.String,java.lang.String,javax.servlet.http.HttpServletResponse)
2019-01-15 10:33:10.520 [main] INFO  o.s.w.s.m.m.a.RequestMappingHandlerMapping - Mapped "{[/sso/authcookies],methods=[GET]}" onto public boolean org.wlgzs.website.controller.SsoCheck.checkAuthCookies(java.lang.String,java.lang.String)
2019-01-15 10:33:10.520 [main] INFO  o.s.w.s.m.m.a.RequestMappingHandlerMapping - Mapped "{[/sso],methods=[POST]}" onto public org.wlgzs.website.util.Result.Result<java.util.Map<java.lang.String, java.lang.Object>> org.wlgzs.website.controller.SsoCheck.checkLogin(java.lang.String,java.lang.String)
2019-01-15 10:33:10.520 [main] INFO  o.s.w.s.m.m.a.RequestMappingHandlerMapping - Mapped "{[/sso/loginout],methods=[GET]}" onto public java.lang.String org.wlgzs.website.controller.SsoCheck.loginOut(javax.servlet.http.HttpServletRequest)
2019-01-15 10:33:10.521 [main] INFO  o.s.w.s.m.m.a.RequestMappingHandlerMapping - Mapped "{[/user],methods=[PUT]}" onto public org.wlgzs.website.util.Result.Result org.wlgzs.website.controller.user.UserController.insertUser(org.wlgzs.website.entity.TbUser)
2019-01-15 10:33:10.523 [main] INFO  o.s.w.s.m.m.a.RequestMappingHandlerMapping - Mapped "{[/error]}" onto public org.springframework.http.ResponseEntity<java.util.Map<java.lang.String, java.lang.Object>> org.springframework.boot.autoconfigure.web.servlet.error.BasicErrorController.error(javax.servlet.http.HttpServletRequest)
2019-01-15 10:33:10.524 [main] INFO  o.s.w.s.m.m.a.RequestMappingHandlerMapping - Mapped "{[/error],produces=[text/html]}" onto public org.springframework.web.servlet.ModelAndView org.springframework.boot.autoconfigure.web.servlet.error.BasicErrorController.errorHtml(javax.servlet.http.HttpServletRequest,javax.servlet.http.HttpServletResponse)
2019-01-15 10:33:10.550 [main] INFO  o.s.web.servlet.handler.SimpleUrlHandlerMapping - Mapped URL path [/webjars/**] onto handler of type [class org.springframework.web.servlet.resource.ResourceHttpRequestHandler]
2019-01-15 10:33:10.551 [main] INFO  o.s.web.servlet.handler.SimpleUrlHandlerMapping - Mapped URL path [/**] onto handler of type [class org.springframework.web.servlet.resource.ResourceHttpRequestHandler]
2019-01-15 10:33:10.608 [main] WARN  org.thymeleaf.templatemode.TemplateMode - [THYMELEAF][main] Template Mode 'HTML5' is deprecated. Using Template Mode 'HTML' instead.
2019-01-15 10:33:10.657 [main] INFO  o.s.b.a.web.servlet.WelcomePageHandlerMapping - Adding welcome page template: index
2019-01-15 10:33:10.890 [main] INFO  o.s.jmx.export.annotation.AnnotationMBeanExporter - Registering beans for JMX exposure on startup
2019-01-15 10:33:10.891 [main] INFO  o.s.jmx.export.annotation.AnnotationMBeanExporter - Bean with name 'dataSource' has been autodetected for JMX exposure
2019-01-15 10:33:10.896 [main] INFO  o.s.jmx.export.annotation.AnnotationMBeanExporter - Located MBean 'dataSource': registering with JMX server as MBean [com.zaxxer.hikari:name=dataSource,type=HikariDataSource]
2019-01-15 10:33:10.906 [main] INFO  org.apache.coyote.http11.Http11NioProtocol - Starting ProtocolHandler ["http-nio-8088"]
2019-01-15 10:33:10.918 [main] INFO  org.apache.tomcat.util.net.NioSelectorPool - Using a shared selector for servlet write/read
2019-01-15 10:33:10.935 [main] INFO  o.s.boot.web.embedded.tomcat.TomcatWebServer - Tomcat started on port(s): 8088 (http) with context path ''
2019-01-15 10:33:10.938 [main] INFO  org.wlgzs.website.OrgApplication - Started OrgApplication in 3.449 seconds (JVM running for 4.264)
2019-01-15 10:33:21.375 [http-nio-8088-exec-1] INFO  o.a.c.core.ContainerBase.[Tomcat].[localhost].[/] - Initializing Spring FrameworkServlet 'dispatcherServlet'
2019-01-15 10:33:21.375 [http-nio-8088-exec-1] INFO  org.springframework.web.servlet.DispatcherServlet - FrameworkServlet 'dispatcherServlet': initialization started
2019-01-15 10:33:21.392 [http-nio-8088-exec-1] INFO  org.springframework.web.servlet.DispatcherServlet - FrameworkServlet 'dispatcherServlet': initialization completed in 17 ms
2019-01-15 10:33:50.784 [main] INFO  com.wlgzs.org.OrgApplicationTests - Starting OrgApplicationTests on ZhangXuBin with PID 2552 (started by wangshu in F:\githubproject\sso)
2019-01-15 10:33:50.787 [main] INFO  com.wlgzs.org.OrgApplicationTests - The following profiles are active: dev
2019-01-15 10:33:50.924 [main] INFO  o.s.w.context.support.GenericWebApplicationContext - Refreshing org.springframework.web.context.support.GenericWebApplicationContext@617fe9e1: startup date [Tue Jan 15 10:33:50 CST 2019]; root of context hierarchy
2019-01-15 10:33:52.925 [main] INFO  com.zaxxer.hikari.HikariDataSource - HikariPool-1 - Starting...
2019-01-15 10:33:53.181 [main] INFO  com.zaxxer.hikari.HikariDataSource - HikariPool-1 - Start completed.
2019-01-15 10:33:53.891 [main] INFO  o.s.web.servlet.handler.SimpleUrlHandlerMapping - Mapped URL path [/**/favicon.ico] onto handler of type [class org.springframework.web.servlet.resource.ResourceHttpRequestHandler]
2019-01-15 10:33:54.157 [main] INFO  o.s.w.s.m.m.a.RequestMappingHandlerAdapter - Looking for @ControllerAdvice: org.springframework.web.context.support.GenericWebApplicationContext@617fe9e1: startup date [Tue Jan 15 10:33:50 CST 2019]; root of context hierarchy
2019-01-15 10:33:54.269 [main] INFO  o.s.w.s.m.m.a.RequestMappingHandlerMapping - Mapped "{[/domain],methods=[GET]}" onto public org.wlgzs.website.util.Result.Result<java.util.List<org.wlgzs.website.entity.TbDomain>> org.wlgzs.website.controller.domain.DomainController.getAllDomain()
2019-01-15 10:33:54.275 [main] INFO  o.s.w.s.m.m.a.RequestMappingHandlerMapping - Mapped "{[/clear],methods=[GET]}" onto public void org.wlgzs.website.controller.LoginController.clear(javax.servlet.http.HttpServletRequest,javax.servlet.http.HttpServletResponse)
2019-01-15 10:33:54.284 [main] INFO  o.s.w.s.m.m.a.RequestMappingHandlerMapping - Mapped "{[/loginout],methods=[GET]}" onto public org.springframework.web.servlet.ModelAndView org.wlgzs.website.controller.LoginController.loginOut()
2019-01-15 10:33:54.284 [main] INFO  o.s.w.s.m.m.a.RequestMappingHandlerMapping - Mapped "{[/ssocheck],methods=[GET]}" onto public org.springframework.web.servlet.ModelAndView org.wlgzs.website.controller.LoginController.checkCookies(javax.servlet.http.HttpServletRequest)
2019-01-15 10:33:54.285 [main] INFO  o.s.w.s.m.m.a.RequestMappingHandlerMapping - Mapped "{[/login],methods=[POST]}" onto public org.springframework.web.servlet.ModelAndView org.wlgzs.website.controller.LoginController.doLogin(java.lang.String,java.lang.String)
2019-01-15 10:33:54.287 [main] INFO  o.s.w.s.m.m.a.RequestMappingHandlerMapping - Mapped "{[/addcookie],methods=[GET]}" onto public void org.wlgzs.website.controller.LoginController.addCookies(java.lang.String,java.lang.String,javax.servlet.http.HttpServletResponse)
2019-01-15 10:33:54.289 [main] INFO  o.s.w.s.m.m.a.RequestMappingHandlerMapping - Mapped "{[/sso/loginout],methods=[GET]}" onto public java.lang.String org.wlgzs.website.controller.SsoCheck.loginOut(javax.servlet.http.HttpServletRequest)
2019-01-15 10:33:54.290 [main] INFO  o.s.w.s.m.m.a.RequestMappingHandlerMapping - Mapped "{[/sso],methods=[POST]}" onto public org.wlgzs.website.util.Result.Result<java.util.Map<java.lang.String, java.lang.Object>> org.wlgzs.website.controller.SsoCheck.checkLogin(java.lang.String,java.lang.String)
2019-01-15 10:33:54.291 [main] INFO  o.s.w.s.m.m.a.RequestMappingHandlerMapping - Mapped "{[/sso/authcookies],methods=[GET]}" onto public boolean org.wlgzs.website.controller.SsoCheck.checkAuthCookies(java.lang.String,java.lang.String)
2019-01-15 10:33:54.293 [main] INFO  o.s.w.s.m.m.a.RequestMappingHandlerMapping - Mapped "{[/user],methods=[PUT]}" onto public org.wlgzs.website.util.Result.Result org.wlgzs.website.controller.user.UserController.insertUser(org.wlgzs.website.entity.TbUser)
2019-01-15 10:33:54.297 [main] INFO  o.s.w.s.m.m.a.RequestMappingHandlerMapping - Mapped "{[/error]}" onto public org.springframework.http.ResponseEntity<java.util.Map<java.lang.String, java.lang.Object>> org.springframework.boot.autoconfigure.web.servlet.error.BasicErrorController.error(javax.servlet.http.HttpServletRequest)
2019-01-15 10:33:54.302 [main] INFO  o.s.w.s.m.m.a.RequestMappingHandlerMapping - Mapped "{[/error],produces=[text/html]}" onto public org.springframework.web.servlet.ModelAndView org.springframework.boot.autoconfigure.web.servlet.error.BasicErrorController.errorHtml(javax.servlet.http.HttpServletRequest,javax.servlet.http.HttpServletResponse)
2019-01-15 10:33:54.352 [main] INFO  o.s.web.servlet.handler.SimpleUrlHandlerMapping - Mapped URL path [/webjars/**] onto handler of type [class org.springframework.web.servlet.resource.ResourceHttpRequestHandler]
2019-01-15 10:33:54.352 [main] INFO  o.s.web.servlet.handler.SimpleUrlHandlerMapping - Mapped URL path [/**] onto handler of type [class org.springframework.web.servlet.resource.ResourceHttpRequestHandler]
2019-01-15 10:33:54.499 [main] WARN  org.thymeleaf.templatemode.TemplateMode - [THYMELEAF][main] Template Mode 'HTML5' is deprecated. Using Template Mode 'HTML' instead.
2019-01-15 10:33:54.585 [main] INFO  o.s.b.a.web.servlet.WelcomePageHandlerMapping - Adding welcome page template: index
2019-01-15 10:33:55.050 [main] INFO  com.wlgzs.org.OrgApplicationTests - Started OrgApplicationTests in 6.112 seconds (JVM running for 7.862)
2019-01-15 10:33:55.182 [main] INFO  org.wlgzs.website.util.AesUtil - start test
2019-01-15 10:33:55.617 [Thread-2] INFO  o.s.w.context.support.GenericWebApplicationContext - Closing org.springframework.web.context.support.GenericWebApplicationContext@617fe9e1: startup date [Tue Jan 15 10:33:50 CST 2019]; root of context hierarchy
2019-01-15 10:33:55.622 [Thread-2] INFO  com.zaxxer.hikari.HikariDataSource - HikariPool-1 - Shutdown initiated...
2019-01-15 10:33:55.645 [Thread-2] INFO  com.zaxxer.hikari.HikariDataSource - HikariPool-1 - Shutdown completed.
2019-01-15 10:34:40.043 [main] INFO  com.wlgzs.org.OrgApplicationTests - Starting OrgApplicationTests on ZhangXuBin with PID 12100 (started by wangshu in F:\githubproject\sso)
2019-01-15 10:34:40.046 [main] INFO  com.wlgzs.org.OrgApplicationTests - The following profiles are active: dev
2019-01-15 10:34:40.162 [main] INFO  o.s.w.context.support.GenericWebApplicationContext - Refreshing org.springframework.web.context.support.GenericWebApplicationContext@70e29e14: startup date [Tue Jan 15 10:34:40 CST 2019]; root of context hierarchy
2019-01-15 10:34:42.500 [main] INFO  com.zaxxer.hikari.HikariDataSource - HikariPool-1 - Starting...
2019-01-15 10:34:42.755 [main] INFO  com.zaxxer.hikari.HikariDataSource - HikariPool-1 - Start completed.
2019-01-15 10:34:43.581 [main] INFO  o.s.web.servlet.handler.SimpleUrlHandlerMapping - Mapped URL path [/**/favicon.ico] onto handler of type [class org.springframework.web.servlet.resource.ResourceHttpRequestHandler]
2019-01-15 10:34:43.915 [main] INFO  o.s.w.s.m.m.a.RequestMappingHandlerAdapter - Looking for @ControllerAdvice: org.springframework.web.context.support.GenericWebApplicationContext@70e29e14: startup date [Tue Jan 15 10:34:40 CST 2019]; root of context hierarchy
2019-01-15 10:34:44.020 [main] INFO  o.s.w.s.m.m.a.RequestMappingHandlerMapping - Mapped "{[/domain],methods=[GET]}" onto public org.wlgzs.website.util.Result.Result<java.util.List<org.wlgzs.website.entity.TbDomain>> org.wlgzs.website.controller.domain.DomainController.getAllDomain()
2019-01-15 10:34:44.025 [main] INFO  o.s.w.s.m.m.a.RequestMappingHandlerMapping - Mapped "{[/clear],methods=[GET]}" onto public void org.wlgzs.website.controller.LoginController.clear(javax.servlet.http.HttpServletRequest,javax.servlet.http.HttpServletResponse)
2019-01-15 10:34:44.035 [main] INFO  o.s.w.s.m.m.a.RequestMappingHandlerMapping - Mapped "{[/ssocheck],methods=[GET]}" onto public org.springframework.web.servlet.ModelAndView org.wlgzs.website.controller.LoginController.checkCookies(javax.servlet.http.HttpServletRequest)
2019-01-15 10:34:44.036 [main] INFO  o.s.w.s.m.m.a.RequestMappingHandlerMapping - Mapped "{[/loginout],methods=[GET]}" onto public org.springframework.web.servlet.ModelAndView org.wlgzs.website.controller.LoginController.loginOut()
2019-01-15 10:34:44.037 [main] INFO  o.s.w.s.m.m.a.RequestMappingHandlerMapping - Mapped "{[/addcookie],methods=[GET]}" onto public void org.wlgzs.website.controller.LoginController.addCookies(java.lang.String,java.lang.String,javax.servlet.http.HttpServletResponse)
2019-01-15 10:34:44.037 [main] INFO  o.s.w.s.m.m.a.RequestMappingHandlerMapping - Mapped "{[/login],methods=[POST]}" onto public org.springframework.web.servlet.ModelAndView org.wlgzs.website.controller.LoginController.doLogin(java.lang.String,java.lang.String)
2019-01-15 10:34:44.038 [main] INFO  o.s.w.s.m.m.a.RequestMappingHandlerMapping - Mapped "{[/sso/loginout],methods=[GET]}" onto public java.lang.String org.wlgzs.website.controller.SsoCheck.loginOut(javax.servlet.http.HttpServletRequest)
2019-01-15 10:34:44.038 [main] INFO  o.s.w.s.m.m.a.RequestMappingHandlerMapping - Mapped "{[/sso/authcookies],methods=[GET]}" onto public boolean org.wlgzs.website.controller.SsoCheck.checkAuthCookies(java.lang.String,java.lang.String)
2019-01-15 10:34:44.039 [main] INFO  o.s.w.s.m.m.a.RequestMappingHandlerMapping - Mapped "{[/sso],methods=[POST]}" onto public org.wlgzs.website.util.Result.Result<java.util.Map<java.lang.String, java.lang.Object>> org.wlgzs.website.controller.SsoCheck.checkLogin(java.lang.String,java.lang.String)
2019-01-15 10:34:44.041 [main] INFO  o.s.w.s.m.m.a.RequestMappingHandlerMapping - Mapped "{[/user],methods=[PUT]}" onto public org.wlgzs.website.util.Result.Result org.wlgzs.website.controller.user.UserController.insertUser(org.wlgzs.website.entity.TbUser)
2019-01-15 10:34:44.046 [main] INFO  o.s.w.s.m.m.a.RequestMappingHandlerMapping - Mapped "{[/error]}" onto public org.springframework.http.ResponseEntity<java.util.Map<java.lang.String, java.lang.Object>> org.springframework.boot.autoconfigure.web.servlet.error.BasicErrorController.error(javax.servlet.http.HttpServletRequest)
2019-01-15 10:34:44.048 [main] INFO  o.s.w.s.m.m.a.RequestMappingHandlerMapping - Mapped "{[/error],produces=[text/html]}" onto public org.springframework.web.servlet.ModelAndView org.springframework.boot.autoconfigure.web.servlet.error.BasicErrorController.errorHtml(javax.servlet.http.HttpServletRequest,javax.servlet.http.HttpServletResponse)
2019-01-15 10:34:44.095 [main] INFO  o.s.web.servlet.handler.SimpleUrlHandlerMapping - Mapped URL path [/webjars/**] onto handler of type [class org.springframework.web.servlet.resource.ResourceHttpRequestHandler]
2019-01-15 10:34:44.095 [main] INFO  o.s.web.servlet.handler.SimpleUrlHandlerMapping - Mapped URL path [/**] onto handler of type [class org.springframework.web.servlet.resource.ResourceHttpRequestHandler]
2019-01-15 10:34:44.274 [main] WARN  org.thymeleaf.templatemode.TemplateMode - [THYMELEAF][main] Template Mode 'HTML5' is deprecated. Using Template Mode 'HTML' instead.
2019-01-15 10:34:44.351 [main] INFO  o.s.b.a.web.servlet.WelcomePageHandlerMapping - Adding welcome page template: index
2019-01-15 10:34:44.798 [main] INFO  com.wlgzs.org.OrgApplicationTests - Started OrgApplicationTests in 6.65 seconds (JVM running for 8.614)
2019-01-15 10:34:44.933 [main] INFO  org.wlgzs.website.util.AesUtil - start test
2019-01-15 10:34:45.948 [main] INFO  o.s.beans.factory.xml.XmlBeanDefinitionReader - Loading XML bean definitions from class path resource [org/springframework/jdbc/support/sql-error-codes.xml]
2019-01-15 10:34:47.161 [Thread-2] INFO  o.s.w.context.support.GenericWebApplicationContext - Closing org.springframework.web.context.support.GenericWebApplicationContext@70e29e14: startup date [Tue Jan 15 10:34:40 CST 2019]; root of context hierarchy
2019-01-15 10:34:47.168 [Thread-2] INFO  com.zaxxer.hikari.HikariDataSource - HikariPool-1 - Shutdown initiated...
2019-01-15 10:34:47.202 [Thread-2] INFO  com.zaxxer.hikari.HikariDataSource - HikariPool-1 - Shutdown completed.
2019-01-15 10:36:32.889 [main] INFO  com.wlgzs.org.OrgApplicationTests - Starting OrgApplicationTests on ZhangXuBin with PID 12044 (started by wangshu in F:\githubproject\sso)
2019-01-15 10:36:32.890 [main] INFO  com.wlgzs.org.OrgApplicationTests - The following profiles are active: dev
2019-01-15 10:36:32.922 [main] INFO  o.s.w.context.support.GenericWebApplicationContext - Refreshing org.springframework.web.context.support.GenericWebApplicationContext@13bc8645: startup date [Tue Jan 15 10:36:32 CST 2019]; root of context hierarchy
2019-01-15 10:36:34.855 [main] INFO  com.zaxxer.hikari.HikariDataSource - HikariPool-1 - Starting...
2019-01-15 10:36:35.075 [main] INFO  com.zaxxer.hikari.HikariDataSource - HikariPool-1 - Start completed.
2019-01-15 10:36:35.665 [main] INFO  o.s.web.servlet.handler.SimpleUrlHandlerMapping - Mapped URL path [/**/favicon.ico] onto handler of type [class org.springframework.web.servlet.resource.ResourceHttpRequestHandler]
2019-01-15 10:36:35.986 [main] INFO  o.s.w.s.m.m.a.RequestMappingHandlerAdapter - Looking for @ControllerAdvice: org.springframework.web.context.support.GenericWebApplicationContext@13bc8645: startup date [Tue Jan 15 10:36:32 CST 2019]; root of context hierarchy
2019-01-15 10:36:36.064 [main] INFO  o.s.w.s.m.m.a.RequestMappingHandlerMapping - Mapped "{[/domain],methods=[GET]}" onto public org.wlgzs.website.util.Result.Result<java.util.List<org.wlgzs.website.entity.TbDomain>> org.wlgzs.website.controller.domain.DomainController.getAllDomain()
2019-01-15 10:36:36.069 [main] INFO  o.s.w.s.m.m.a.RequestMappingHandlerMapping - Mapped "{[/clear],methods=[GET]}" onto public void org.wlgzs.website.controller.LoginController.clear(javax.servlet.http.HttpServletRequest,javax.servlet.http.HttpServletResponse)
2019-01-15 10:36:36.069 [main] INFO  o.s.w.s.m.m.a.RequestMappingHandlerMapping - Mapped "{[/ssocheck],methods=[GET]}" onto public org.springframework.web.servlet.ModelAndView org.wlgzs.website.controller.LoginController.checkCookies(javax.servlet.http.HttpServletRequest)
2019-01-15 10:36:36.070 [main] INFO  o.s.w.s.m.m.a.RequestMappingHandlerMapping - Mapped "{[/login],methods=[POST]}" onto public org.springframework.web.servlet.ModelAndView org.wlgzs.website.controller.LoginController.doLogin(java.lang.String,java.lang.String)
2019-01-15 10:36:36.070 [main] INFO  o.s.w.s.m.m.a.RequestMappingHandlerMapping - Mapped "{[/addcookie],methods=[GET]}" onto public void org.wlgzs.website.controller.LoginController.addCookies(java.lang.String,java.lang.String,javax.servlet.http.HttpServletResponse)
2019-01-15 10:36:36.070 [main] INFO  o.s.w.s.m.m.a.RequestMappingHandlerMapping - Mapped "{[/loginout],methods=[GET]}" onto public org.springframework.web.servlet.ModelAndView org.wlgzs.website.controller.LoginController.loginOut()
2019-01-15 10:36:36.072 [main] INFO  o.s.w.s.m.m.a.RequestMappingHandlerMapping - Mapped "{[/sso/authcookies],methods=[GET]}" onto public boolean org.wlgzs.website.controller.SsoCheck.checkAuthCookies(java.lang.String,java.lang.String)
2019-01-15 10:36:36.072 [main] INFO  o.s.w.s.m.m.a.RequestMappingHandlerMapping - Mapped "{[/sso],methods=[POST]}" onto public org.wlgzs.website.util.Result.Result<java.util.Map<java.lang.String, java.lang.Object>> org.wlgzs.website.controller.SsoCheck.checkLogin(java.lang.String,java.lang.String)
2019-01-15 10:36:36.073 [main] INFO  o.s.w.s.m.m.a.RequestMappingHandlerMapping - Mapped "{[/sso/loginout],methods=[GET]}" onto public java.lang.String org.wlgzs.website.controller.SsoCheck.loginOut(javax.servlet.http.HttpServletRequest)
2019-01-15 10:36:36.075 [main] INFO  o.s.w.s.m.m.a.RequestMappingHandlerMapping - Mapped "{[/user],methods=[PUT]}" onto public org.wlgzs.website.util.Result.Result org.wlgzs.website.controller.user.UserController.insertUser(org.wlgzs.website.entity.TbUser)
2019-01-15 10:36:36.078 [main] INFO  o.s.w.s.m.m.a.RequestMappingHandlerMapping - Mapped "{[/error]}" onto public org.springframework.http.ResponseEntity<java.util.Map<java.lang.String, java.lang.Object>> org.springframework.boot.autoconfigure.web.servlet.error.BasicErrorController.error(javax.servlet.http.HttpServletRequest)
2019-01-15 10:36:36.079 [main] INFO  o.s.w.s.m.m.a.RequestMappingHandlerMapping - Mapped "{[/error],produces=[text/html]}" onto public org.springframework.web.servlet.ModelAndView org.springframework.boot.autoconfigure.web.servlet.error.BasicErrorController.errorHtml(javax.servlet.http.HttpServletRequest,javax.servlet.http.HttpServletResponse)
2019-01-15 10:36:36.116 [main] INFO  o.s.web.servlet.handler.SimpleUrlHandlerMapping - Mapped URL path [/webjars/**] onto handler of type [class org.springframework.web.servlet.resource.ResourceHttpRequestHandler]
2019-01-15 10:36:36.116 [main] INFO  o.s.web.servlet.handler.SimpleUrlHandlerMapping - Mapped URL path [/**] onto handler of type [class org.springframework.web.servlet.resource.ResourceHttpRequestHandler]
2019-01-15 10:36:36.185 [main] WARN  org.thymeleaf.templatemode.TemplateMode - [THYMELEAF][main] Template Mode 'HTML5' is deprecated. Using Template Mode 'HTML' instead.
2019-01-15 10:36:36.283 [main] INFO  o.s.b.a.web.servlet.WelcomePageHandlerMapping - Adding welcome page template: index
2019-01-15 10:36:36.654 [main] INFO  com.wlgzs.org.OrgApplicationTests - Started OrgApplicationTests in 4.561 seconds (JVM running for 5.576)
2019-01-15 10:36:36.749 [main] INFO  org.wlgzs.website.util.AesUtil - start test
2019-01-15 10:36:37.776 [main] INFO  org.wlgzs.website.util.AesUtil - "resultCode:INSERTSUCCESS,message:添加成功,data:null"
2019-01-15 10:36:37.806 [main] INFO  org.wlgzs.website.util.AesUtil - {"salt":"1234","roleId":1,"sex":"男","className":"计科163","studyDirect":"JavaWeb","remark":"","grades":"大二","lastLoginDate":"","headPhoto":"","password":"C108BA403A2B4F435FF7704CDE28995518CDE39EEED99DBCC41F87973B8EF75EDDA470BA0DE6BC20058692F32B3BE744","phone":"18738357910","blogUrl":"","name":"张绪宾","id":0,"username":"zhangxubin"}
2019-01-15 10:36:37.812 [Thread-2] INFO  o.s.w.context.support.GenericWebApplicationContext - Closing org.springframework.web.context.support.GenericWebApplicationContext@13bc8645: startup date [Tue Jan 15 10:36:32 CST 2019]; root of context hierarchy
2019-01-15 10:36:37.815 [Thread-2] INFO  com.zaxxer.hikari.HikariDataSource - HikariPool-1 - Shutdown initiated...
2019-01-15 10:36:37.828 [Thread-2] INFO  com.zaxxer.hikari.HikariDataSource - HikariPool-1 - Shutdown completed.
2019-01-15 10:37:05.031 [http-nio-8088-exec-5] INFO  org.wlgzs.website.util.AesUtil - 统一登录校验
2019-01-15 10:37:45.802 [http-nio-8088-exec-5] INFO  org.wlgzs.website.util.JwtUtil - 加密后：eyJ0eXAiOiJKV1QiLCJhbGciOiJIUzI1NiJ9.eyJpc3MiOiJ3bGd6cyIsInVzZXIiOiI2RDJFQTI0QjA4RTZGMjI2NkE5OTU1OEU2MkZBQkQxMDVBRUQ5NkQ0N0U1QTEyMTgwMjM2NjQxNkNFRDlDQTM2Njc4MDQzRkNDOTNGNUExMjMxMEM2ODY0NDkzMkVGQTlGNDE3NTgxMUMxRTkwMEJEMTUwRTAwMUE0NkUyOThGNTI3NzU4MDFCMTY4MjVDQ0JDQTA1MjE3MjgxMUZEMzNBMEJCRDE3RkNFRjQ0NDFDNzgwOTU0QzY0QjU0OTVBMDRGRENGRjYyMzg3OTFDRjUyQjg2RDI2NDBDQkQxNUNEMjIxNTYzMDg4QTlEREZCQUE2REY2NEM5MjE0QjJDRDQwOTRCNDBFRjAyQTIwMzE2MTQxMTQyQ0JBNUE1NjQ1NTJCMTZFMjhBNzA3QjRFMDI4RjlCRTk4NjNGN0Q2NTBEQTBDMERCNTlBNDc0RUNENEEzMTdDQkI0MkE2Q0VBRTQwNzM2RkNEMjcxNjc0QjBGNEY3NERFMzA0QUQwMEM2QTc3RkNFQ0YzQTEwRUYyRDFEQTk3MjZBNkJFM0YxMUZEOEM5NkFBMTRCQjFCOEZEQTFBRkUwQjkyNzlCRDU2NEI3NUEwOENBMEU3MDI3NkEzQTQxNjEzRTkwRDU5OTlENkRCOTQzMjVDMzgxRDczNzI1REQ3MEI4ODg0M0JBREQzMUMxMUQ0MjkyQUI5NDQ2NkU5RkMyNTZDQjQzMzQwNzAwMjE3MTgzMEI0ODQ4MENFNTEwNUNDOTVFREM2ODYyQkFGNjc1RjE1Njk5OTlGQTAxQzU2RUYyRDY1M0U2RDlCNTE5QzdCODgyQzJFRjIwNjYyOTA5QjBEMjQwRjg0ODY5RTc0MEVFODA4MkIwOTlFRDJGQjRFQjZBMzI1QjFGRDA0QTE2QkRGQjc5RURENUMwRDJDN0Y2RkEwOEY2Q0NDNiJ9.h_Q8M3VRzt2pEa1QffT3oXYbVkIXfIshhW3HNabgkDI
